<?xml version="1.0" encoding="UTF-8" ?>
<testsuite tests="3" failures="0" name="stepDefs.TestRunner" time="7.766" errors="0" skipped="0">
  <properties>
[...]
</properties>
  <testcase classname="This feature will be used to validate the Login page" name="Validate successful login" time="3.112"/>
  <testcase classname="This feature will be used to validate the Login page" name="Validate negative login" time="2.185"/>
  <testcase classname="This feature will be used to validate Products and Prices" name="Validate product prices" time="2.469"/>
</testsuite>